[2016-09-04 18:52:07.231] [INFO] normal - { phone: '13229881858',
  code: '123213',
  password: '123456',
  platformID: '100012',
  refuserid: '' }
[2016-09-04 18:54:31.198] [INFO] normal - { phone: '13229881858',
  code: '485151',
  password: '1555564564564',
  platformID: '100012',
  refuserid: '' }
[2016-09-04 18:56:23.629] [INFO] normal - { phone: '13229858222',
  code: '256264',
  password: '2534324324',
  platformID: '100012',
  refuserid: '' }
[2016-09-04 18:57:48.723] [INFO] normal - { phone: '13456465456',
  code: '324324',
  password: '324234',
  platformID: '100012',
  refuserid: '' }
[2016-09-04 19:01:01.393] [INFO] normal - { phone: '13229884856',
  code: '234234',
  password: '2432432432',
  platformID: '100012',
  refuserid: '' }
[2016-09-04 19:01:01.410] [INFO] normal - { sAccount: '13229884856',
  sNickName: '未设置昵称',
  sPassword: '2432432432',
  iSex: 1,
  sProvince: '',
  sCity: '',
  sSignature: '',
  sEmail: '',
  sHeadImage: '',
  iPhoneAuth: 1,
  lPlatformID: '100012',
  lPushManId: '',
  sCode: '234234' }
[2016-09-04 19:01:01.903] [INFO] normal - { iRet: -8, sEnMsg: 'phone code not exist', sMsg: '手机短信验证码不存在' }
[2016-09-04 19:02:21.987] [INFO] normal - { phone: '15976703466',
  code: '213',
  password: '213123',
  platformID: '100012',
  refuserid: '' }
[2016-09-04 19:02:21.988] [INFO] normal - { sAccount: '15976703466',
  sNickName: '未设置昵称',
  sPassword: '213123',
  iSex: 1,
  sProvince: '',
  sCity: '',
  sSignature: '',
  sEmail: '',
  sHeadImage: '',
  iPhoneAuth: 1,
  lPlatformID: '100012',
  lPushManId: '',
  sCode: '213' }
[2016-09-04 19:02:22.117] [INFO] normal - { iRet: -8, sEnMsg: 'phone code not exist', sMsg: '手机短信验证码不存在' }
[2016-09-04 19:02:32.611] [INFO] normal - { phone: '15976703466',
  code: '188532',
  password: '213123',
  platformID: '100012',
  refuserid: '' }
[2016-09-04 19:02:32.614] [INFO] normal - { sAccount: '15976703466',
  sNickName: '未设置昵称',
  sPassword: '213123',
  iSex: 1,
  sProvince: '',
  sCity: '',
  sSignature: '',
  sEmail: '',
  sHeadImage: '',
  iPhoneAuth: 1,
  lPlatformID: '100012',
  lPushManId: '',
  sCode: '188532' }
[2016-09-04 19:02:32.757] [INFO] normal - { iRet: -3, sEnMsg: 'data already exist', sMsg: '数据已经存在' }
[2016-09-04 19:05:38.063] [INFO] normal - { phone: '15976703466',
  code: '446457',
  password: '338388',
  platformID: '100012',
  refuserid: '' }
[2016-09-04 19:05:38.097] [INFO] normal - { sAccount: '15976703466',
  sNickName: '未设置昵称',
  sPassword: '338388',
  iSex: 1,
  sProvince: '',
  sCity: '',
  sSignature: '',
  sEmail: '',
  sHeadImage: '',
  iPhoneAuth: 1,
  lPlatformID: '100012',
  lPushManId: '',
  sCode: '446457' }
[2016-09-04 19:05:38.231] [INFO] normal - { iRet: -8, sEnMsg: 'phone code not exist', sMsg: '手机短信验证码不存在' }
[2016-09-04 19:05:46.636] [INFO] normal - { phone: '15976703466',
  code: '452651',
  password: '338388',
  platformID: '100012',
  refuserid: '' }
[2016-09-04 19:05:46.646] [INFO] normal - { sAccount: '15976703466',
  sNickName: '未设置昵称',
  sPassword: '338388',
  iSex: 1,
  sProvince: '',
  sCity: '',
  sSignature: '',
  sEmail: '',
  sHeadImage: '',
  iPhoneAuth: 1,
  lPlatformID: '100012',
  lPushManId: '',
  sCode: '452651' }
[2016-09-04 19:05:46.777] [INFO] normal - { iRet: -3, sEnMsg: 'data already exist', sMsg: '数据已经存在' }
[2016-09-04 19:05:49.274] [INFO] normal - { phone: '15976703466',
  code: '452651',
  password: '338388',
  platformID: '100012',
  refuserid: '' }
[2016-09-04 19:05:49.277] [INFO] normal - { sAccount: '15976703466',
  sNickName: '未设置昵称',
  sPassword: '338388',
  iSex: 1,
  sProvince: '',
  sCity: '',
  sSignature: '',
  sEmail: '',
  sHeadImage: '',
  iPhoneAuth: 1,
  lPlatformID: '100012',
  lPushManId: '',
  sCode: '452651' }
[2016-09-04 19:05:49.422] [INFO] normal - { iRet: -8, sEnMsg: 'phone code not exist', sMsg: '手机短信验证码不存在' }
[2016-09-04 19:05:51.584] [INFO] normal - { phone: '15976703466',
  code: '452651',
  password: '338388',
  platformID: '100012',
  refuserid: '' }
[2016-09-04 19:05:51.589] [INFO] normal - { sAccount: '15976703466',
  sNickName: '未设置昵称',
  sPassword: '338388',
  iSex: 1,
  sProvince: '',
  sCity: '',
  sSignature: '',
  sEmail: '',
  sHeadImage: '',
  iPhoneAuth: 1,
  lPlatformID: '100012',
  lPushManId: '',
  sCode: '452651' }
[2016-09-04 19:05:51.736] [INFO] normal - { iRet: -8, sEnMsg: 'phone code not exist', sMsg: '手机短信验证码不存在' }
[2016-09-04 19:05:53.718] [INFO] normal - { phone: '15976703466',
  code: '452651',
  password: '338388',
  platformID: '100012',
  refuserid: '' }
[2016-09-04 19:05:53.721] [INFO] normal - { sAccount: '15976703466',
  sNickName: '未设置昵称',
  sPassword: '338388',
  iSex: 1,
  sProvince: '',
  sCity: '',
  sSignature: '',
  sEmail: '',
  sHeadImage: '',
  iPhoneAuth: 1,
  lPlatformID: '100012',
  lPushManId: '',
  sCode: '452651' }
[2016-09-04 19:05:53.857] [INFO] normal - { iRet: -8, sEnMsg: 'phone code not exist', sMsg: '手机短信验证码不存在' }
[2016-09-04 19:05:55.986] [INFO] normal - { phone: '15976703466',
  code: '452651',
  password: '338388',
  platformID: '100012',
  refuserid: '' }
[2016-09-04 19:05:55.989] [INFO] normal - { sAccount: '15976703466',
  sNickName: '未设置昵称',
  sPassword: '338388',
  iSex: 1,
  sProvince: '',
  sCity: '',
  sSignature: '',
  sEmail: '',
  sHeadImage: '',
  iPhoneAuth: 1,
  lPlatformID: '100012',
  lPushManId: '',
  sCode: '452651' }
[2016-09-04 19:05:56.115] [INFO] normal - { iRet: -8, sEnMsg: 'phone code not exist', sMsg: '手机短信验证码不存在' }
[2016-09-04 19:05:58.421] [INFO] normal - { phone: '15976703466',
  code: '452651',
  password: '338388',
  platformID: '100012',
  refuserid: '' }
[2016-09-04 19:05:58.426] [INFO] normal - { sAccount: '15976703466',
  sNickName: '未设置昵称',
  sPassword: '338388',
  iSex: 1,
  sProvince: '',
  sCity: '',
  sSignature: '',
  sEmail: '',
  sHeadImage: '',
  iPhoneAuth: 1,
  lPlatformID: '100012',
  lPushManId: '',
  sCode: '452651' }
[2016-09-04 19:05:58.564] [INFO] normal - { iRet: -8, sEnMsg: 'phone code not exist', sMsg: '手机短信验证码不存在' }
[2016-09-04 19:06:01.501] [INFO] normal - { phone: '15976703466',
  code: '452651',
  password: '338388',
  platformID: '100012',
  refuserid: '' }
[2016-09-04 19:06:01.503] [INFO] normal - { sAccount: '15976703466',
  sNickName: '未设置昵称',
  sPassword: '338388',
  iSex: 1,
  sProvince: '',
  sCity: '',
  sSignature: '',
  sEmail: '',
  sHeadImage: '',
  iPhoneAuth: 1,
  lPlatformID: '100012',
  lPushManId: '',
  sCode: '452651' }
[2016-09-04 19:06:01.642] [INFO] normal - { iRet: -8, sEnMsg: 'phone code not exist', sMsg: '手机短信验证码不存在' }
[2016-09-04 19:06:03.699] [INFO] normal - { phone: '15976703466',
  code: '452651',
  password: '338388',
  platformID: '100012',
  refuserid: '' }
[2016-09-04 19:06:03.703] [INFO] normal - { sAccount: '15976703466',
  sNickName: '未设置昵称',
  sPassword: '338388',
  iSex: 1,
  sProvince: '',
  sCity: '',
  sSignature: '',
  sEmail: '',
  sHeadImage: '',
  iPhoneAuth: 1,
  lPlatformID: '100012',
  lPushManId: '',
  sCode: '452651' }
[2016-09-04 19:06:03.842] [INFO] normal - { iRet: -8, sEnMsg: 'phone code not exist', sMsg: '手机短信验证码不存在' }
[2016-09-04 19:06:10.336] [INFO] normal - { phone: '15976703466',
  code: '452651',
  password: '338388',
  platformID: '100012',
  refuserid: '' }
[2016-09-04 19:06:10.342] [INFO] normal - { sAccount: '15976703466',
  sNickName: '未设置昵称',
  sPassword: '338388',
  iSex: 1,
  sProvince: '',
  sCity: '',
  sSignature: '',
  sEmail: '',
  sHeadImage: '',
  iPhoneAuth: 1,
  lPlatformID: '100012',
  lPushManId: '',
  sCode: '452651' }
[2016-09-04 19:06:10.499] [INFO] normal - { iRet: -8, sEnMsg: 'phone code not exist', sMsg: '手机短信验证码不存在' }
[2016-09-04 19:06:42.631] [INFO] normal - { phone: '15976703466',
  code: '452651',
  password: '338388',
  platformID: '100012',
  refuserid: '' }
[2016-09-04 19:06:42.633] [INFO] normal - { sAccount: '15976703466',
  sNickName: '未设置昵称',
  sPassword: '338388',
  iSex: 1,
  sProvince: '',
  sCity: '',
  sSignature: '',
  sEmail: '',
  sHeadImage: '',
  iPhoneAuth: 1,
  lPlatformID: '100012',
  lPushManId: '',
  sCode: '452651' }
[2016-09-04 19:06:42.759] [INFO] normal - { iRet: -8, sEnMsg: 'phone code not exist', sMsg: '手机短信验证码不存在' }
[2016-09-04 19:06:44.967] [INFO] normal - { phone: '15976703466',
  code: '452651',
  password: '338388',
  platformID: '100012',
  refuserid: '' }
[2016-09-04 19:06:44.971] [INFO] normal - { sAccount: '15976703466',
  sNickName: '未设置昵称',
  sPassword: '338388',
  iSex: 1,
  sProvince: '',
  sCity: '',
  sSignature: '',
  sEmail: '',
  sHeadImage: '',
  iPhoneAuth: 1,
  lPlatformID: '100012',
  lPushManId: '',
  sCode: '452651' }
[2016-09-04 19:06:45.099] [INFO] normal - { iRet: -8, sEnMsg: 'phone code not exist', sMsg: '手机短信验证码不存在' }
[2016-09-04 19:07:04.291] [INFO] normal - { phone: '15976703466',
  code: '452651',
  password: '338388',
  platformID: '100012',
  refuserid: '' }
[2016-09-04 19:07:04.298] [INFO] normal - { sAccount: '15976703466',
  sNickName: '未设置昵称',
  sPassword: '338388',
  iSex: 1,
  sProvince: '',
  sCity: '',
  sSignature: '',
  sEmail: '',
  sHeadImage: '',
  iPhoneAuth: 1,
  lPlatformID: '100012',
  lPushManId: '',
  sCode: '452651' }
[2016-09-04 19:07:04.430] [INFO] normal - { iRet: -8, sEnMsg: 'phone code not exist', sMsg: '手机短信验证码不存在' }
[2016-09-04 19:07:06.811] [INFO] normal - { phone: '15976703466',
  code: '452651',
  password: '338388',
  platformID: '100012',
  refuserid: '' }
[2016-09-04 19:07:06.816] [INFO] normal - { sAccount: '15976703466',
  sNickName: '未设置昵称',
  sPassword: '338388',
  iSex: 1,
  sProvince: '',
  sCity: '',
  sSignature: '',
  sEmail: '',
  sHeadImage: '',
  iPhoneAuth: 1,
  lPlatformID: '100012',
  lPushManId: '',
  sCode: '452651' }
[2016-09-04 19:07:06.950] [INFO] normal - { iRet: -8, sEnMsg: 'phone code not exist', sMsg: '手机短信验证码不存在' }
[2016-09-04 19:07:09.114] [INFO] normal - { phone: '15976703466',
  code: '452651',
  password: '338388',
  platformID: '100012',
  refuserid: '' }
[2016-09-04 19:07:09.117] [INFO] normal - { sAccount: '15976703466',
  sNickName: '未设置昵称',
  sPassword: '338388',
  iSex: 1,
  sProvince: '',
  sCity: '',
  sSignature: '',
  sEmail: '',
  sHeadImage: '',
  iPhoneAuth: 1,
  lPlatformID: '100012',
  lPushManId: '',
  sCode: '452651' }
[2016-09-04 19:07:09.253] [INFO] normal - { iRet: -8, sEnMsg: 'phone code not exist', sMsg: '手机短信验证码不存在' }
[2016-09-04 19:07:12.585] [INFO] normal - { phone: '15976703466',
  code: '452651',
  password: '338388',
  platformID: '100012',
  refuserid: '' }
[2016-09-04 19:07:12.587] [INFO] normal - { sAccount: '15976703466',
  sNickName: '未设置昵称',
  sPassword: '338388',
  iSex: 1,
  sProvince: '',
  sCity: '',
  sSignature: '',
  sEmail: '',
  sHeadImage: '',
  iPhoneAuth: 1,
  lPlatformID: '100012',
  lPushManId: '',
  sCode: '452651' }
[2016-09-04 19:07:12.729] [INFO] normal - { iRet: -8, sEnMsg: 'phone code not exist', sMsg: '手机短信验证码不存在' }
[2016-09-04 19:07:49.877] [INFO] normal - { phone: '15976703466',
  code: '452651',
  password: '338388',
  platformID: '100012',
  refuserid: '' }
[2016-09-04 19:07:49.879] [INFO] normal - { sAccount: '15976703466',
  sNickName: '未设置昵称',
  sPassword: '338388',
  iSex: 1,
  sProvince: '',
  sCity: '',
  sSignature: '',
  sEmail: '',
  sHeadImage: '',
  iPhoneAuth: 1,
  lPlatformID: '100012',
  lPushManId: '',
  sCode: '452651' }
[2016-09-04 19:07:50.014] [INFO] normal - { iRet: -8, sEnMsg: 'phone code not exist', sMsg: '手机短信验证码不存在' }
[2016-09-04 19:07:52.310] [INFO] normal - { phone: '15976703466',
  code: '452651',
  password: '338388',
  platformID: '100012',
  refuserid: '' }
[2016-09-04 19:07:52.312] [INFO] normal - { sAccount: '15976703466',
  sNickName: '未设置昵称',
  sPassword: '338388',
  iSex: 1,
  sProvince: '',
  sCity: '',
  sSignature: '',
  sEmail: '',
  sHeadImage: '',
  iPhoneAuth: 1,
  lPlatformID: '100012',
  lPushManId: '',
  sCode: '452651' }
[2016-09-04 19:07:52.438] [INFO] normal - { iRet: -8, sEnMsg: 'phone code not exist', sMsg: '手机短信验证码不存在' }
[2016-09-04 19:08:01.135] [INFO] normal - { phone: '15976703466',
  code: '452651',
  password: '338388',
  platformID: '100012',
  refuserid: '' }
[2016-09-04 19:08:01.136] [INFO] normal - { sAccount: '15976703466',
  sNickName: '未设置昵称',
  sPassword: '338388',
  iSex: 1,
  sProvince: '',
  sCity: '',
  sSignature: '',
  sEmail: '',
  sHeadImage: '',
  iPhoneAuth: 1,
  lPlatformID: '100012',
  lPushManId: '',
  sCode: '452651' }
[2016-09-04 19:08:01.260] [INFO] normal - { iRet: -8, sEnMsg: 'phone code not exist', sMsg: '手机短信验证码不存在' }
[2016-09-04 19:08:03.290] [INFO] normal - { phone: '15976703466',
  code: '452651',
  password: '338388',
  platformID: '100012',
  refuserid: '' }
[2016-09-04 19:08:03.293] [INFO] normal - { sAccount: '15976703466',
  sNickName: '未设置昵称',
  sPassword: '338388',
  iSex: 1,
  sProvince: '',
  sCity: '',
  sSignature: '',
  sEmail: '',
  sHeadImage: '',
  iPhoneAuth: 1,
  lPlatformID: '100012',
  lPushManId: '',
  sCode: '452651' }
[2016-09-04 19:08:03.435] [INFO] normal - { iRet: -8, sEnMsg: 'phone code not exist', sMsg: '手机短信验证码不存在' }
[2016-09-04 19:08:05.689] [INFO] normal - { phone: '15976703466',
  code: '452651',
  password: '338388',
  platformID: '100012',
  refuserid: '' }
[2016-09-04 19:08:05.691] [INFO] normal - { sAccount: '15976703466',
  sNickName: '未设置昵称',
  sPassword: '338388',
  iSex: 1,
  sProvince: '',
  sCity: '',
  sSignature: '',
  sEmail: '',
  sHeadImage: '',
  iPhoneAuth: 1,
  lPlatformID: '100012',
  lPushManId: '',
  sCode: '452651' }
[2016-09-04 19:08:05.831] [INFO] normal - { iRet: -8, sEnMsg: 'phone code not exist', sMsg: '手机短信验证码不存在' }
[2016-09-04 19:08:10.141] [INFO] normal - { phone: '15976703466',
  code: '452651',
  password: '338388',
  platformID: '100012',
  refuserid: '' }
[2016-09-04 19:08:10.143] [INFO] normal - { sAccount: '15976703466',
  sNickName: '未设置昵称',
  sPassword: '338388',
  iSex: 1,
  sProvince: '',
  sCity: '',
  sSignature: '',
  sEmail: '',
  sHeadImage: '',
  iPhoneAuth: 1,
  lPlatformID: '100012',
  lPushManId: '',
  sCode: '452651' }
[2016-09-04 19:08:10.277] [INFO] normal - { iRet: -8, sEnMsg: 'phone code not exist', sMsg: '手机短信验证码不存在' }
[2016-09-04 19:34:45.137] [INFO] normal - { phone: '13258694698',
  code: '949499',
  password: '腿哦兔子里李俊鹏',
  platformID: '100012',
  refuserid: '' }
[2016-09-04 19:34:45.153] [INFO] normal - { sAccount: '13258694698',
  sNickName: '未设置昵称',
  sPassword: '腿哦兔子里李俊鹏',
  iSex: 1,
  sProvince: '',
  sCity: '',
  sSignature: '',
  sEmail: '',
  sHeadImage: '',
  iPhoneAuth: 1,
  lPlatformID: '100012',
  lPushManId: '',
  sCode: '949499' }
[2016-09-04 19:34:45.318] [INFO] normal - { iRet: -8, sEnMsg: 'phone code not exist', sMsg: '手机短信验证码不存在' }
[2016-09-04 19:35:01.950] [INFO] normal - { phone: '13258694698',
  code: '949499',
  password: '4890819088',
  platformID: '100012',
  refuserid: '' }
[2016-09-04 19:35:01.954] [INFO] normal - { sAccount: '13258694698',
  sNickName: '未设置昵称',
  sPassword: '4890819088',
  iSex: 1,
  sProvince: '',
  sCity: '',
  sSignature: '',
  sEmail: '',
  sHeadImage: '',
  iPhoneAuth: 1,
  lPlatformID: '100012',
  lPushManId: '',
  sCode: '949499' }
[2016-09-04 19:35:02.090] [INFO] normal - { iRet: -8, sEnMsg: 'phone code not exist', sMsg: '手机短信验证码不存在' }
[2016-09-04 19:35:04.414] [INFO] normal - { phone: '13258694698',
  code: '949499',
  password: '4890819088',
  platformID: '100012',
  refuserid: '' }
[2016-09-04 19:35:04.417] [INFO] normal - { sAccount: '13258694698',
  sNickName: '未设置昵称',
  sPassword: '4890819088',
  iSex: 1,
  sProvince: '',
  sCity: '',
  sSignature: '',
  sEmail: '',
  sHeadImage: '',
  iPhoneAuth: 1,
  lPlatformID: '100012',
  lPushManId: '',
  sCode: '949499' }
[2016-09-04 19:35:04.553] [INFO] normal - { iRet: -8, sEnMsg: 'phone code not exist', sMsg: '手机短信验证码不存在' }
[2016-09-04 20:06:58.573] [INFO] normal - { phone: '18088821980',
  code: '123456',
  password: '123456',
  platformID: '100012',
  refuserid: '' }
[2016-09-04 20:06:58.612] [INFO] normal - { sAccount: '18088821980',
  sNickName: '未设置昵称',
  sPassword: '123456',
  iSex: 1,
  sProvince: '',
  sCity: '',
  sSignature: '',
  sEmail: '',
  sHeadImage: '',
  iPhoneAuth: 1,
  lPlatformID: '100012',
  lPushManId: '',
  sCode: '123456' }
[2016-09-04 20:06:58.761] [INFO] normal - { iRet: -8, sEnMsg: 'phone code not exist', sMsg: '手机短信验证码不存在' }
[2016-09-04 20:07:01.646] [INFO] normal - { phone: '18088821980',
  code: '123456',
  password: '123456',
  platformID: '100012',
  refuserid: '' }
[2016-09-04 20:07:01.649] [INFO] normal - { sAccount: '18088821980',
  sNickName: '未设置昵称',
  sPassword: '123456',
  iSex: 1,
  sProvince: '',
  sCity: '',
  sSignature: '',
  sEmail: '',
  sHeadImage: '',
  iPhoneAuth: 1,
  lPlatformID: '100012',
  lPushManId: '',
  sCode: '123456' }
[2016-09-04 20:07:01.796] [INFO] normal - { iRet: -8, sEnMsg: 'phone code not exist', sMsg: '手机短信验证码不存在' }
